2022-12-26 10:28:02,346 [Worker-3: Loading available Gradle versions] INFO  o.e.b.c.i.u.g.PublishedGradleVersions - Gradle version information cache is out-of-date. Trying to update.
2022-12-26 10:28:02,838 [Worker-3: Loading available Gradle versions] INFO  o.e.b.c.i.u.g.PublishedGradleVersions - Updating Gradle version information cache failed. Using outdated cache.
2022-12-26 11:36:59,200 [main] INFO  o.e.m2e.actions.ExecutePomAction - Creating new launch configuration
2022-12-26 11:42:31,694 [ModalContext] INFO  o.a.h.c.h.i.c.HttpRequestRetryExec - Recoverable I/O exception (java.net.SocketException) caught when processing request to {s}->https://marketplace.eclipse.org:443
2022-12-26 14:07:32,898 [Worker-3: Loading available Gradle versions] INFO  o.e.b.c.i.u.g.PublishedGradleVersions - Gradle version information cache is out-of-date. Trying to update.
2022-12-26 14:07:33,756 [Worker-3: Loading available Gradle versions] INFO  o.e.b.c.i.u.g.PublishedGradleVersions - Updating Gradle version information cache failed. Using outdated cache.
2022-12-26 16:41:04,951 [Worker-33: Retrieving catalog resource] INFO  o.a.h.c.h.i.c.HttpRequestRetryExec - Recoverable I/O exception (java.net.SocketException) caught when processing request to {s}->https://marketplace.eclipse.org:443
2022-12-26 16:53:56,687 [main] INFO  o.e.m2e.actions.ExecutePomAction - Using existing launch configuration
2022-12-26 16:53:59,002 [Worker-55: Launching CucumberPractice] INFO  o.eclipse.m2e.core.internal.Bundles - getClasspathEntries(Bundle=org.eclipse.m2e.maven.runtime_3.8.604.20221130-2149 [819])
2022-12-26 16:53:59,021 [Worker-55: Launching CucumberPractice] INFO  o.eclipse.m2e.core.internal.Bundles - 	Entry: /snap/eclipse/66/plugins/org.eclipse.m2e.maven.runtime_3.8.604.20221130-2149
2022-12-26 16:53:59,021 [Worker-55: Launching CucumberPractice] INFO  o.eclipse.m2e.core.internal.Bundles - 	Entry: /snap/eclipse/66/plugins/org.eclipse.m2e.maven.runtime_3.8.604.20221130-2149/jars/aether-connector-okhttp-0.17.8.jar
2022-12-26 16:53:59,021 [Worker-55: Launching CucumberPractice] INFO  o.eclipse.m2e.core.internal.Bundles - 	Entry: /snap/eclipse/66/plugins/org.eclipse.m2e.maven.runtime_3.8.604.20221130-2149/jars/commons-cli-1.4.jar
2022-12-26 16:53:59,021 [Worker-55: Launching CucumberPractice] INFO  o.eclipse.m2e.core.internal.Bundles - 	Entry: /snap/eclipse/66/plugins/org.eclipse.m2e.maven.runtime_3.8.604.20221130-2149/jars/commons-io-2.6.jar
2022-12-26 16:53:59,021 [Worker-55: Launching CucumberPractice] INFO  o.eclipse.m2e.core.internal.Bundles - 	Entry: /snap/eclipse/66/plugins/org.eclipse.m2e.maven.runtime_3.8.604.20221130-2149/jars/commons-lang3-3.8.1.jar
2022-12-26 16:53:59,021 [Worker-55: Launching CucumberPractice] INFO  o.eclipse.m2e.core.internal.Bundles - 	Entry: /snap/eclipse/66/plugins/org.eclipse.m2e.maven.runtime_3.8.604.20221130-2149/jars/guice-4.2.2-no_aop.jar
2022-12-26 16:53:59,022 [Worker-55: Launching CucumberPractice] INFO  o.eclipse.m2e.core.internal.Bundles - 	Entry: /snap/eclipse/66/plugins/org.eclipse.m2e.maven.runtime_3.8.604.20221130-2149/jars/jansi-2.4.0.jar
2022-12-26 16:53:59,022 [Worker-55: Launching CucumberPractice] INFO  o.eclipse.m2e.core.internal.Bundles - 	Entry: /snap/eclipse/66/plugins/org.eclipse.m2e.maven.runtime_3.8.604.20221130-2149/jars/maven-artifact-3.8.6.jar
2022-12-26 16:53:59,022 [Worker-55: Launching CucumberPractice] INFO  o.eclipse.m2e.core.internal.Bundles - 	Entry: /snap/eclipse/66/plugins/org.eclipse.m2e.maven.runtime_3.8.604.20221130-2149/jars/maven-builder-support-3.8.6.jar
2022-12-26 16:53:59,022 [Worker-55: Launching CucumberPractice] INFO  o.eclipse.m2e.core.internal.Bundles - 	Entry: /snap/eclipse/66/plugins/org.eclipse.m2e.maven.runtime_3.8.604.20221130-2149/jars/maven-compat-3.8.6.jar
2022-12-26 16:53:59,022 [Worker-55: Launching CucumberPractice] INFO  o.eclipse.m2e.core.internal.Bundles - 	Entry: /snap/eclipse/66/plugins/org.eclipse.m2e.maven.runtime_3.8.604.20221130-2149/jars/maven-core-3.8.6.jar
2022-12-26 16:53:59,022 [Worker-55: Launching CucumberPractice] INFO  o.eclipse.m2e.core.internal.Bundles - 	Entry: /snap/eclipse/66/plugins/org.eclipse.m2e.maven.runtime_3.8.604.20221130-2149/jars/maven-embedder-3.8.6.jar
2022-12-26 16:53:59,022 [Worker-55: Launching CucumberPractice] INFO  o.eclipse.m2e.core.internal.Bundles - 	Entry: /snap/eclipse/66/plugins/org.eclipse.m2e.maven.runtime_3.8.604.20221130-2149/jars/maven-model-3.8.6.jar
2022-12-26 16:53:59,022 [Worker-55: Launching CucumberPractice] INFO  o.eclipse.m2e.core.internal.Bundles - 	Entry: /snap/eclipse/66/plugins/org.eclipse.m2e.maven.runtime_3.8.604.20221130-2149/jars/maven-model-builder-3.8.6.jar
2022-12-26 16:53:59,022 [Worker-55: Launching CucumberPractice] INFO  o.eclipse.m2e.core.internal.Bundles - 	Entry: /snap/eclipse/66/plugins/org.eclipse.m2e.maven.runtime_3.8.604.20221130-2149/jars/maven-plugin-api-3.8.6.jar
2022-12-26 16:53:59,022 [Worker-55: Launching CucumberPractice] INFO  o.eclipse.m2e.core.internal.Bundles - 	Entry: /snap/eclipse/66/plugins/org.eclipse.m2e.maven.runtime_3.8.604.20221130-2149/jars/maven-repository-metadata-3.8.6.jar
2022-12-26 16:53:59,022 [Worker-55: Launching CucumberPractice] INFO  o.eclipse.m2e.core.internal.Bundles - 	Entry: /snap/eclipse/66/plugins/org.eclipse.m2e.maven.runtime_3.8.604.20221130-2149/jars/maven-resolver-api-1.6.3.jar
2022-12-26 16:53:59,022 [Worker-55: Launching CucumberPractice] INFO  o.eclipse.m2e.core.internal.Bundles - 	Entry: /snap/eclipse/66/plugins/org.eclipse.m2e.maven.runtime_3.8.604.20221130-2149/jars/maven-resolver-connector-basic-1.6.3.jar
2022-12-26 16:53:59,022 [Worker-55: Launching CucumberPractice] INFO  o.eclipse.m2e.core.internal.Bundles - 	Entry: /snap/eclipse/66/plugins/org.eclipse.m2e.maven.runtime_3.8.604.20221130-2149/jars/maven-resolver-impl-1.6.3.jar
2022-12-26 16:53:59,023 [Worker-55: Launching CucumberPractice] INFO  o.eclipse.m2e.core.internal.Bundles - 	Entry: /snap/eclipse/66/plugins/org.eclipse.m2e.maven.runtime_3.8.604.20221130-2149/jars/maven-resolver-provider-3.8.6.jar
2022-12-26 16:53:59,023 [Worker-55: Launching CucumberPractice] INFO  o.eclipse.m2e.core.internal.Bundles - 	Entry: /snap/eclipse/66/plugins/org.eclipse.m2e.maven.runtime_3.8.604.20221130-2149/jars/maven-resolver-spi-1.6.3.jar
2022-12-26 16:53:59,023 [Worker-55: Launching CucumberPractice] INFO  o.eclipse.m2e.core.internal.Bundles - 	Entry: /snap/eclipse/66/plugins/org.eclipse.m2e.maven.runtime_3.8.604.20221130-2149/jars/maven-resolver-transport-wagon-1.6.3.jar
2022-12-26 16:53:59,023 [Worker-55: Launching CucumberPractice] INFO  o.eclipse.m2e.core.internal.Bundles - 	Entry: /snap/eclipse/66/plugins/org.eclipse.m2e.maven.runtime_3.8.604.20221130-2149/jars/maven-resolver-util-1.6.3.jar
2022-12-26 16:53:59,023 [Worker-55: Launching CucumberPractice] INFO  o.eclipse.m2e.core.internal.Bundles - 	Entry: /snap/eclipse/66/plugins/org.eclipse.m2e.maven.runtime_3.8.604.20221130-2149/jars/maven-settings-3.8.6.jar
2022-12-26 16:53:59,023 [Worker-55: Launching CucumberPractice] INFO  o.eclipse.m2e.core.internal.Bundles - 	Entry: /snap/eclipse/66/plugins/org.eclipse.m2e.maven.runtime_3.8.604.20221130-2149/jars/maven-settings-builder-3.8.6.jar
2022-12-26 16:53:59,023 [Worker-55: Launching CucumberPractice] INFO  o.eclipse.m2e.core.internal.Bundles - 	Entry: /snap/eclipse/66/plugins/org.eclipse.m2e.maven.runtime_3.8.604.20221130-2149/jars/maven-shared-utils-3.3.4.jar
2022-12-26 16:53:59,023 [Worker-55: Launching CucumberPractice] INFO  o.eclipse.m2e.core.internal.Bundles - 	Entry: /snap/eclipse/66/plugins/org.eclipse.m2e.maven.runtime_3.8.604.20221130-2149/jars/okhttp-3.14.1.jar
2022-12-26 16:53:59,023 [Worker-55: Launching CucumberPractice] INFO  o.eclipse.m2e.core.internal.Bundles - 	Entry: /snap/eclipse/66/plugins/org.eclipse.m2e.maven.runtime_3.8.604.20221130-2149/jars/okio-1.17.3.jar
2022-12-26 16:53:59,023 [Worker-55: Launching CucumberPractice] INFO  o.eclipse.m2e.core.internal.Bundles - 	Entry: /snap/eclipse/66/plugins/org.eclipse.m2e.maven.runtime_3.8.604.20221130-2149/jars/org.eclipse.sisu.inject-0.3.5.jar
2022-12-26 16:53:59,024 [Worker-55: Launching CucumberPractice] INFO  o.eclipse.m2e.core.internal.Bundles - 	Entry: /snap/eclipse/66/plugins/org.eclipse.m2e.maven.runtime_3.8.604.20221130-2149/jars/org.eclipse.sisu.plexus-0.3.5.jar
2022-12-26 16:53:59,024 [Worker-55: Launching CucumberPractice] INFO  o.eclipse.m2e.core.internal.Bundles - 	Entry: /snap/eclipse/66/plugins/org.eclipse.m2e.maven.runtime_3.8.604.20221130-2149/jars/plexus-build-api-0.0.7.jar
2022-12-26 16:53:59,024 [Worker-55: Launching CucumberPractice] INFO  o.eclipse.m2e.core.internal.Bundles - 	Entry: /snap/eclipse/66/plugins/org.eclipse.m2e.maven.runtime_3.8.604.20221130-2149/jars/plexus-cipher-2.0.jar
2022-12-26 16:53:59,024 [Worker-55: Launching CucumberPractice] INFO  o.eclipse.m2e.core.internal.Bundles - 	Entry: /snap/eclipse/66/plugins/org.eclipse.m2e.maven.runtime_3.8.604.20221130-2149/jars/plexus-classworlds-2.6.0.jar
2022-12-26 16:53:59,024 [Worker-55: Launching CucumberPractice] INFO  o.eclipse.m2e.core.internal.Bundles - 	Entry: /snap/eclipse/66/plugins/org.eclipse.m2e.maven.runtime_3.8.604.20221130-2149/jars/plexus-component-annotations-2.1.0.jar
2022-12-26 16:53:59,024 [Worker-55: Launching CucumberPractice] INFO  o.eclipse.m2e.core.internal.Bundles - 	Entry: /snap/eclipse/66/plugins/org.eclipse.m2e.maven.runtime_3.8.604.20221130-2149/jars/plexus-interpolation-1.26.jar
2022-12-26 16:53:59,024 [Worker-55: Launching CucumberPractice] INFO  o.eclipse.m2e.core.internal.Bundles - 	Entry: /snap/eclipse/66/plugins/org.eclipse.m2e.maven.runtime_3.8.604.20221130-2149/jars/plexus-sec-dispatcher-2.0.jar
2022-12-26 16:53:59,024 [Worker-55: Launching CucumberPractice] INFO  o.eclipse.m2e.core.internal.Bundles - 	Entry: /snap/eclipse/66/plugins/org.eclipse.m2e.maven.runtime_3.8.604.20221130-2149/jars/plexus-utils-3.3.1.jar
2022-12-26 16:53:59,024 [Worker-55: Launching CucumberPractice] INFO  o.eclipse.m2e.core.internal.Bundles - 	Entry: /snap/eclipse/66/plugins/org.eclipse.m2e.maven.runtime_3.8.604.20221130-2149/jars/wagon-file-3.5.1.jar
2022-12-26 16:53:59,024 [Worker-55: Launching CucumberPractice] INFO  o.eclipse.m2e.core.internal.Bundles - 	Entry: /snap/eclipse/66/plugins/org.eclipse.m2e.maven.runtime_3.8.604.20221130-2149/jars/wagon-provider-api-3.5.1.jar
2022-12-26 16:53:59,026 [Worker-55: Launching CucumberPractice] INFO  o.eclipse.m2e.core.internal.Bundles - getClasspathEntries(Bundle=com.google.guava_30.1.0.v20221112-0806 [671])
2022-12-26 16:53:59,027 [Worker-55: Launching CucumberPractice] INFO  o.eclipse.m2e.core.internal.Bundles - 	Entry: /snap/eclipse/66/plugins/com.google.guava_30.1.0.v20221112-0806.jar
2022-12-26 16:53:59,027 [Worker-55: Launching CucumberPractice] INFO  o.eclipse.m2e.core.internal.Bundles - getClasspathEntries(Bundle=slf4j.api_1.7.36 [882])
2022-12-26 16:53:59,027 [Worker-55: Launching CucumberPractice] INFO  o.eclipse.m2e.core.internal.Bundles - 	Entry: /snap/eclipse/66/plugins/slf4j.api_1.7.36.jar
2022-12-26 16:53:59,027 [Worker-55: Launching CucumberPractice] INFO  o.eclipse.m2e.core.internal.Bundles - getClasspathEntries(Bundle=javax.inject_1.0.0.v20220405-0441 [17])
2022-12-26 16:53:59,028 [Worker-55: Launching CucumberPractice] INFO  o.eclipse.m2e.core.internal.Bundles - 	Entry: /snap/eclipse/66/plugins/javax.inject_1.0.0.v20220405-0441.jar
2022-12-26 16:53:59,028 [Worker-55: Launching CucumberPractice] INFO  o.eclipse.m2e.core.internal.Bundles - getClasspathEntries(Bundle=javax.annotation_1.3.5.v20221112-0806 [676])
2022-12-26 16:53:59,035 [Worker-55: Launching CucumberPractice] INFO  o.eclipse.m2e.core.internal.Bundles - 	Entry: /snap/eclipse/66/plugins/javax.annotation_1.3.5.v20221112-0806.jar
2022-12-26 16:53:59,037 [Worker-55: Launching CucumberPractice] INFO  o.e.m.i.launch.MavenLaunchDelegate - Run build in "/home/kedar/ec/CucumberPractice":
2022-12-26 16:53:59,037 [Worker-55: Launching CucumberPractice] INFO  o.e.m.i.launch.MavenLaunchDelegate -  mvn  -B -Dstyle.color=always 
2022-12-26 16:55:27,258 [Worker-56: Launching CucumberPractice] INFO  o.e.m.i.launch.MavenLaunchDelegate - Run build in "/home/kedar/ec/CucumberPractice":
2022-12-26 16:55:27,259 [Worker-56: Launching CucumberPractice] INFO  o.e.m.i.launch.MavenLaunchDelegate -  mvn  -B -Dstyle.color=always 
2022-12-26 19:01:48,293 [ModalContext] INFO  o.e.m.c.i.e.AbstractTransferListenerAdapter - Downloaded https://repo.maven.apache.org/maven2/org/apache/maven/archetypes/maven-archetype-quickstart/1.1/maven-archetype-quickstart-1.1.pom
2022-12-26 19:02:41,652 [Worker-62: Launching mavenrun-bd06321a-32ea-40fd-bf3f-8cfb2f26e02a] INFO  o.e.m.i.launch.MavenLaunchDelegate - Run build in "/tmp/m2e-archetypeGenerator11531993203975297937":
2022-12-26 19:02:41,653 [Worker-62: Launching mavenrun-bd06321a-32ea-40fd-bf3f-8cfb2f26e02a] INFO  o.e.m.i.launch.MavenLaunchDelegate -  mvn  -DarchetypeGroupId=org.apache.maven.archetypes -DarchetypeArtifactId=maven-archetype-quickstart -DarchetypeVersion=1.1 -DgroupId=Project -DartifactId=projectPractice -Dversion=0.0.1-SNAPSHOT -Dpackage=Project.projectPractice -DoutputDirectory=/home/kedar/ec/maven -Dstyle.color=always -U archetype:generate
2022-12-26 19:24:21,878 [Worker-7: Loading available Gradle versions] INFO  o.e.b.c.i.u.g.PublishedGradleVersions - Gradle version information cache is up-to-date. Trying to read.
2022-12-26 21:51:05,471 [Worker-7: Loading available Gradle versions] INFO  o.e.b.c.i.u.g.PublishedGradleVersions - Gradle version information cache is up-to-date. Trying to read.
